<?xml version="1.0" encoding="UTF-8"?>
<testng-results ignored="0" total="1" passed="0" failed="1" skipped="0">
  <reporter-output>
  </reporter-output>
  <suite started-at="2026-01-27T12:17:52 IST" name="Default suite" finished-at="2026-01-27T12:18:04 IST" duration-ms="12395">
    <groups>
    </groups>
    <test started-at="2026-01-27T12:17:52 IST" name="Default test" finished-at="2026-01-27T12:18:04 IST" duration-ms="12395">
      <class name="seleniumpac.Lab11_TestNG_PageFactory">
        <test-method is-config="true" signature="beforeSuite()[pri:0, instance:seleniumpac.Lab11_TestNG_PageFactory@229f66ed]" started-at="2026-01-27T12:17:52 IST" name="beforeSuite" finished-at="2026-01-27T12:17:52 IST" duration-ms="14" status="PASS">
          <reporter-output>
          </reporter-output>
        </test-method> <!-- beforeSuite -->
        <test-method is-config="true" signature="beforeTest()[pri:0, instance:seleniumpac.Lab11_TestNG_PageFactory@229f66ed]" started-at="2026-01-27T12:17:52 IST" name="beforeTest" finished-at="2026-01-27T12:17:52 IST" duration-ms="0" status="PASS">
          <reporter-output>
          </reporter-output>
        </test-method> <!-- beforeTest -->
        <test-method is-config="true" signature="beforeClass()[pri:0, instance:seleniumpac.Lab11_TestNG_PageFactory@229f66ed]" started-at="2026-01-27T12:17:52 IST" name="beforeClass" finished-at="2026-01-27T12:17:52 IST" duration-ms="1" status="PASS">
          <reporter-output>
          </reporter-output>
        </test-method> <!-- beforeClass -->
        <test-method is-config="true" signature="beforeMethod()[pri:0, instance:seleniumpac.Lab11_TestNG_PageFactory@229f66ed]" started-at="2026-01-27T12:17:52 IST" name="beforeMethod" finished-at="2026-01-27T12:17:56 IST" duration-ms="3810" status="PASS">
          <reporter-output>
          </reporter-output>
        </test-method> <!-- beforeMethod -->
        <test-method signature="lab3_flow()[pri:0, instance:seleniumpac.Lab11_TestNG_PageFactory@229f66ed]" started-at="2026-01-27T12:17:56 IST" name="lab3_flow" finished-at="2026-01-27T12:18:04 IST" duration-ms="8012" status="FAIL">
          <exception class="org.openqa.selenium.NoSuchWindowException">
            <message>
              <![CDATA[no such window: target window already closed
from unknown error: web view not found
  (Session info: chrome=143.0.7499.193)
Build info: version: '4.39.0', revision: '126f156aee'
System info: os.name: 'Windows 11', os.arch: 'amd64', os.version: '10.0', java.version: '17.0.2'
Driver info: org.openqa.selenium.chrome.ChromeDriver
Command: [e53bd935a6151b0bc4b72de6a62ee8d5, getElementValueOfCssProperty {propertyName=display, id=f.BEB8E29AAA4D10BA6BFC585AB52DDA62.d.A65D40D180F26079C61B6C3AB26B348C.e.107}]
Capabilities {acceptInsecureCerts: false, browserName: chrome, browserVersion: 143.0.7499.193, chrome: {chromedriverVersion: 143.0.7499.192 (be2c1f4fd45..., userDataDir: C:\Users\AKANKS~1.CHO\AppDa...}, fedcm:accounts: true, goog:chromeOptions: {debuggerAddress: localhost:55154}, goog:processID: 25136, networkConnectionEnabled: false, pageLoadStrategy: normal, platformName: windows, proxy: Proxy(), se:cdp: ws://localhost:55154/devtoo..., se:cdpVersion: 143.0.7499.193, setWindowRect: true, strictFileInteractability: false, timeouts: {implicit: 0, pageLoad: 300000, script: 30000}, unhandledPromptBehavior: dismiss and notify, webauthn:extension:credBlob: true, webauthn:extension:largeBlob: true, webauthn:extension:minPinLength: true, webauthn:extension:prf: true, webauthn:virtualAuthenticators: true}
Element: [[[[ChromeDriver: chrome on windows (e53bd935a6151b0bc4b72de6a62ee8d5)] -> id: input-sort]] -> xpath: .//option[normalize-space(.) = "Name (A - Z)"]]
Session ID: e53bd935a6151b0bc4b72de6a62ee8d5]]>
            </message>
            <full-stacktrace>
              <![CDATA[org.openqa.selenium.NoSuchWindowException: no such window: target window already closed
from unknown error: web view not found
  (Session info: chrome=143.0.7499.193)
Build info: version: '4.39.0', revision: '126f156aee'
System info: os.name: 'Windows 11', os.arch: 'amd64', os.version: '10.0', java.version: '17.0.2'
Driver info: org.openqa.selenium.chrome.ChromeDriver
Command: [e53bd935a6151b0bc4b72de6a62ee8d5, getElementValueOfCssProperty {propertyName=display, id=f.BEB8E29AAA4D10BA6BFC585AB52DDA62.d.A65D40D180F26079C61B6C3AB26B348C.e.107}]
Capabilities {acceptInsecureCerts: false, browserName: chrome, browserVersion: 143.0.7499.193, chrome: {chromedriverVersion: 143.0.7499.192 (be2c1f4fd45..., userDataDir: C:\Users\AKANKS~1.CHO\AppDa...}, fedcm:accounts: true, goog:chromeOptions: {debuggerAddress: localhost:55154}, goog:processID: 25136, networkConnectionEnabled: false, pageLoadStrategy: normal, platformName: windows, proxy: Proxy(), se:cdp: ws://localhost:55154/devtoo..., se:cdpVersion: 143.0.7499.193, setWindowRect: true, strictFileInteractability: false, timeouts: {implicit: 0, pageLoad: 300000, script: 30000}, unhandledPromptBehavior: dismiss and notify, webauthn:extension:credBlob: true, webauthn:extension:largeBlob: true, webauthn:extension:minPinLength: true, webauthn:extension:prf: true, webauthn:virtualAuthenticators: true}
Element: [[[[ChromeDriver: chrome on windows (e53bd935a6151b0bc4b72de6a62ee8d5)] -> id: input-sort]] -> xpath: .//option[normalize-space(.) = "Name (A - Z)"]]
Session ID: e53bd935a6151b0bc4b72de6a62ee8d5
at java.base/jdk.internal.reflect.NativeConstructorAccessorImpl.newInstance0(Native Method)
at java.base/jdk.internal.reflect.NativeConstructorAccessorImpl.newInstance(NativeConstructorAccessorImpl.java:77)
at java.base/jdk.internal.reflect.DelegatingConstructorAccessorImpl.newInstance(DelegatingConstructorAccessorImpl.java:45)
at java.base/java.lang.reflect.Constructor.newInstanceWithCaller(Constructor.java:499)
at java.base/java.lang.reflect.Constructor.newInstance(Constructor.java:480)
at org.openqa.selenium.remote.ErrorCodec.decode(ErrorCodec.java:167)
at org.openqa.selenium.remote.codec.w3c.W3CHttpResponseCodec.decode(W3CHttpResponseCodec.java:142)
at org.openqa.selenium.remote.codec.w3c.W3CHttpResponseCodec.decode(W3CHttpResponseCodec.java:49)
at org.openqa.selenium.remote.HttpCommandExecutor.execute(HttpCommandExecutor.java:215)
at org.openqa.selenium.remote.service.DriverCommandExecutor.invokeExecute(DriverCommandExecutor.java:216)
at org.openqa.selenium.remote.service.DriverCommandExecutor.execute(DriverCommandExecutor.java:174)
at org.openqa.selenium.remote.RemoteWebDriver.execute(RemoteWebDriver.java:561)
at org.openqa.selenium.remote.RemoteWebElement.execute(RemoteWebElement.java:223)
at org.openqa.selenium.remote.RemoteWebElement.getCssValue(RemoteWebElement.java:197)
at org.openqa.selenium.support.ui.Select.hasCssPropertyAndVisible(Select.java:78)
at org.openqa.selenium.support.ui.Select.selectByVisibleText(Select.java:352)
at org.openqa.selenium.support.ui.Select.selectByVisibleText(Select.java:125)
at seleniumpac.Lab11_PageFactory.clickSortSelect(Lab11_PageFactory.java:88)
at seleniumpac.Lab11_TestNG_PageFactory.lab3_flow(Lab11_TestNG_PageFactory.java:35)
at java.base/jdk.internal.reflect.NativeMethodAccessorImpl.invoke0(Native Method)
at java.base/jdk.internal.reflect.NativeMethodAccessorImpl.invoke(NativeMethodAccessorImpl.java:77)
at java.base/jdk.internal.reflect.DelegatingMethodAccessorImpl.invoke(DelegatingMethodAccessorImpl.java:43)
at java.base/java.lang.reflect.Method.invoke(Method.java:568)
at org.testng.internal.invokers.MethodInvocationHelper.invokeMethod(MethodInvocationHelper.java:141)
at org.testng.internal.invokers.TestInvoker.invokeMethod(TestInvoker.java:687)
at org.testng.internal.invokers.TestInvoker.invokeTestMethod(TestInvoker.java:230)
at org.testng.internal.invokers.MethodRunner.runInSequence(MethodRunner.java:63)
at org.testng.internal.invokers.TestInvoker$MethodInvocationAgent.invoke(TestInvoker.java:995)
at org.testng.internal.invokers.TestInvoker.invokeTestMethods(TestInvoker.java:203)
at org.testng.internal.invokers.TestMethodWorker.invokeTestMethods(TestMethodWorker.java:154)
at org.testng.internal.invokers.TestMethodWorker.run(TestMethodWorker.java:134)
at java.base/java.util.ArrayList.forEach(ArrayList.java:1511)
at org.testng.TestRunner.privateRun(TestRunner.java:741)
at org.testng.TestRunner.run(TestRunner.java:616)
at org.testng.SuiteRunner.runTest(SuiteRunner.java:421)
at org.testng.SuiteRunner.runSequentially(SuiteRunner.java:413)
at org.testng.SuiteRunner.privateRun(SuiteRunner.java:373)
at org.testng.SuiteRunner.run(SuiteRunner.java:312)
at org.testng.SuiteRunnerWorker.runSuite(SuiteRunnerWorker.java:52)
at org.testng.SuiteRunnerWorker.run(SuiteRunnerWorker.java:95)
at org.testng.TestNG.runSuitesSequentially(TestNG.java:1274)
at org.testng.TestNG.runSuitesLocally(TestNG.java:1208)
at org.testng.TestNG.runSuites(TestNG.java:1112)
at org.testng.TestNG.run(TestNG.java:1079)
at org.testng.remote.AbstractRemoteTestNG.run(AbstractRemoteTestNG.java:115)
at org.testng.remote.RemoteTestNG.initAndRun(RemoteTestNG.java:293)
at org.testng.remote.RemoteTestNG.main(RemoteTestNG.java:91)
]]>
            </full-stacktrace>
          </exception> <!-- org.openqa.selenium.NoSuchWindowException -->
          <reporter-output>
          </reporter-output>
        </test-method> <!-- lab3_flow -->
        <test-method is-config="true" signature="afterMethod()[pri:0, instance:seleniumpac.Lab11_TestNG_PageFactory@229f66ed]" started-at="2026-01-27T12:18:04 IST" name="afterMethod" finished-at="2026-01-27T12:18:04 IST" duration-ms="488" status="PASS">
          <reporter-output>
          </reporter-output>
        </test-method> <!-- afterMethod -->
        <test-method is-config="true" signature="afterClass()[pri:0, instance:seleniumpac.Lab11_TestNG_PageFactory@229f66ed]" started-at="2026-01-27T12:18:04 IST" name="afterClass" finished-at="2026-01-27T12:18:04 IST" duration-ms="0" status="PASS">
          <reporter-output>
          </reporter-output>
        </test-method> <!-- afterClass -->
        <test-method is-config="true" signature="afterTest()[pri:0, instance:seleniumpac.Lab11_TestNG_PageFactory@229f66ed]" started-at="2026-01-27T12:18:04 IST" name="afterTest" finished-at="2026-01-27T12:18:04 IST" duration-ms="0" status="PASS">
          <reporter-output>
          </reporter-output>
        </test-method> <!-- afterTest -->
        <test-method is-config="true" signature="afterSuite()[pri:0, instance:seleniumpac.Lab11_TestNG_PageFactory@229f66ed]" started-at="2026-01-27T12:18:04 IST" name="afterSuite" finished-at="2026-01-27T12:18:04 IST" duration-ms="1" status="PASS">
          <reporter-output>
          </reporter-output>
        </test-method> <!-- afterSuite -->
      </class> <!-- seleniumpac.Lab11_TestNG_PageFactory -->
    </test> <!-- Default test -->
  </suite> <!-- Default suite -->
</testng-results>
