<?xml version="1.0" encoding="UTF-8"?>
<testng-results ignored="0" total="1" passed="1" failed="0" skipped="0">
  <reporter-output>
  </reporter-output>
  <suite started-at="2026-02-02T10:13:29 IST" name="Default suite" finished-at="2026-02-02T10:13:56 IST" duration-ms="26166">
    <groups>
    </groups>
    <test started-at="2026-02-02T10:13:29 IST" name="Default test" finished-at="2026-02-02T10:13:56 IST" duration-ms="26166">
      <class name="com.orhrm.test.Tc02Test">
        <test-method is-config="true" signature="startReport()[pri:0, instance:com.orhrm.test.Tc02Test@7a8c8dcf]" started-at="2026-02-02T10:13:29 IST" name="startReport" finished-at="2026-02-02T10:13:30 IST" duration-ms="773" status="PASS">
          <reporter-output>
          </reporter-output>
        </test-method> <!-- startReport -->
        <test-method is-config="true" signature="setUp()[pri:0, instance:com.orhrm.test.Tc02Test@7a8c8dcf]" started-at="2026-02-02T10:13:30 IST" name="setUp" finished-at="2026-02-02T10:13:35 IST" duration-ms="4537" status="PASS">
          <reporter-output>
          </reporter-output>
        </test-method> <!-- setUp -->
        <test-method signature="tc02()[pri:0, instance:com.orhrm.test.Tc02Test@7a8c8dcf]" started-at="2026-02-02T10:13:35 IST" name="tc02" finished-at="2026-02-02T10:13:54 IST" duration-ms="18884" status="PASS">
          <reporter-output>
          </reporter-output>
        </test-method> <!-- tc02 -->
        <test-method is-config="true" signature="tearDown(org.testng.ITestResult)[pri:0, instance:com.orhrm.test.Tc02Test@7a8c8dcf]" started-at="2026-02-02T10:13:54 IST" name="tearDown" finished-at="2026-02-02T10:13:55 IST" duration-ms="1281" status="PASS">
          <params>
            <param index="0">
              <value>
                <![CDATA[[TestResult name=tc02 status=SUCCESS method=Tc02Test.tc02()[pri:0, instance:com.orhrm.test.Tc02Test@7a8c8dcf] output={null}]]]>
              </value>
            </param>
          </params>
          <reporter-output>
          </reporter-output>
        </test-method> <!-- tearDown -->
        <test-method is-config="true" signature="endReport()[pri:0, instance:com.orhrm.test.Tc02Test@7a8c8dcf]" started-at="2026-02-02T10:13:55 IST" name="endReport" finished-at="2026-02-02T10:13:56 IST" duration-ms="598" status="PASS">
          <reporter-output>
          </reporter-output>
        </test-method> <!-- endReport -->
      </class> <!-- com.orhrm.test.Tc02Test -->
    </test> <!-- Default test -->
  </suite> <!-- Default suite -->
</testng-results>
