<?xml version="1.0" encoding="UTF-8"?>
<!-- Generated by org.testng.reporters.JUnitReportReporter -->
<testsuite hostname="LP-TZ-0X45720" failures="0" tests="1" name="seleniumpac.Lab_8_2_2" time="21.878" errors="0" timestamp="2026-01-23T12:35:36 IST" skipped="0">
  <testcase classname="seleniumpac.Lab_8_2_2" name="validLoginTest" time="21.878">
    <system-out>
      <![CDATA[Executing Valid Login Test for user: Admin
Valid login passed for user: Admin]]>
    </system-out>
  </testcase> <!-- validLoginTest -->
  <system-out>
    <![CDATA[Launching browser
Executing Valid Login Test for user: Admin
Valid login passed for user: Admin
Closing browser]]>
  </system-out>
</testsuite> <!-- seleniumpac.Lab_8_2_2 -->
