<?xml version="1.0" encoding="UTF-8"?>
<!-- Generated by org.testng.reporters.JUnitReportReporter -->
<testsuite hostname="LP-TZ-0X45720" failures="0" tests="3" name="seleniumpac.parelleltest" time="96.007" errors="0" timestamp="2026-01-23T14:50:00 IST" skipped="0">
  <testcase classname="seleniumpac.parelleltest" name="test1" time="31.550"/>
  <testcase classname="seleniumpac.parelleltest" name="test3" time="31.853"/>
  <testcase classname="seleniumpac.parelleltest" name="test2" time="32.604"/>
</testsuite> <!-- seleniumpac.parelleltest -->
