<?xml version="1.0" encoding="UTF-8"?>
<!-- Generated by org.testng.reporters.JUnitReportReporter -->
<testsuite hostname="LP-TZ-0X45720" failures="0" tests="2" name="seleniumpac.Lab_8_2" time="47.534" errors="0" timestamp="2026-01-23T12:33:27 IST" skipped="0">
  <testcase classname="seleniumpac.Lab_8_2" name="invalidLoginTest" time="22.083">
    <system-out>
      <![CDATA[Executing Invalid Login Test for user: test
Invalid login validation passed for user: test]]>
    </system-out>
  </testcase> <!-- invalidLoginTest -->
  <testcase classname="seleniumpac.Lab_8_2" name="invalidLoginTest" time="25.451">
    <system-out>
      <![CDATA[Executing Invalid Login Test for user: pooja
Invalid login validation passed for user: pooja]]>
    </system-out>
  </testcase> <!-- invalidLoginTest -->
  <system-out>
    <![CDATA[Launching browser
Executing Invalid Login Test for user: pooja
Invalid login validation passed for user: pooja
Closing browser
Launching browser
Executing Invalid Login Test for user: test
Invalid login validation passed for user: test
Closing browser]]>
  </system-out>
</testsuite> <!-- seleniumpac.Lab_8_2 -->
